0 0 0 0
1 -3.56985e-12 8.76809e-13 -0.000642
2 -7.16265e-12 1.75621e-12 -0.00118
3 0.0110019 -0.000974983 -0.003562
4 0.641008 -0.0112001 -0.007444
5 0.696016 -0.0117156 -0.098726
6 0.700269 -0.0154349 -0.895998
7 0.693956 0.00421355 -1.51153
8 0.699263 0.0266943 -2.12507
9 0.716115 0.0411233 -2.76314
10 0.728981 0.0432207 2.90552
11 0.733204 0.0405377 2.23124
12 0.733186 0.0415461 1.58176
13 0.738753 0.0590712 0.922264
14 0.759658 0.0737514 0.314025
15 0.768572 0.0743584 -0.210903
16 1.06249 0.0141529 -0.229595
17 1.66365 -0.133114 -0.260823
18 2.287 -0.296479 -0.271
19 2.9143 -0.494253 -0.319576
20 3.50919 -0.684704 -0.313755
21 4.11389 -0.833646 -0.20219
22 4.72427 -0.975059 -0.184835
23 5.3584 -1.01809 -0.0773251
24 5.99484 -1.09038 -0.134318
25 6.63073 -1.15846 -0.13149
26 7.23761 -1.25878 -0.172206
27 7.8505 -1.35003 -0.156543
28 8.42947 -1.44861 -0.161146
29 8.80527 -1.50589 -0.130537
30 8.81986 -1.50557 -0.663017
31 8.92198 -1.64561 -0.931615
32 9.28944 -2.16156 -0.950295
33 9.66798 -2.66174 -0.898081
34 10.0781 -3.14871 -0.875774
35 10.4985 -3.62687 -0.840276
36 10.9286 -4.10903 -0.84774
37 11.211 -4.42115 -0.838977
38 11.2315 -4.43705 -1.15877
39 11.2263 -4.43839 -1.32821
40 11.3749 -5.00033 -1.30983
41 11.5291 -5.59186 -1.34068
42 11.6561 -6.14592 -1.36228
43 11.7679 -6.73306 -1.40133
44 11.8637 -7.31921 -1.43716
45 11.9275 -7.93815 -1.49295
46 11.9677 -8.5586 -1.5126
47 11.9965 -9.17928 -1.55459
48 12.0023 -9.80394 -1.56143
49 12.0032 -10.4252 -1.61262
50 11.9574 -11.0139 -1.65747
51 11.91 -11.6119 -1.6867
52 11.819 -12.2007 -1.7636
53 11.7274 -12.7566 -1.75143
54 11.6192 -13.2727 -1.81371
55 11.6261 -13.2382 -1.80861
56 11.6266 -13.2376 -1.79821
57 11.4904 -13.8561 -1.80979
58 11.3543 -14.4586 -1.76377
59 11.2321 -15.0656 -1.78755
60 11.1111 -15.6654 -1.76637
61 10.9811 -16.2713 -1.81732
62 10.8351 -16.8427 -1.77768
63 10.6901 -17.397 -1.81337
64 10.5581 -17.9749 -1.75016
65 10.4293 -18.5172 -1.80181
66 10.2816 -19.103 -1.81009
67 10.1219 -19.6957 -1.80898
68 10.0151 -20.1486 -1.82476
69 10.0142 -20.1439 -1.97972
70 10.009 -20.1431 -2.65417
71 10.0319 -20.1283 2.9863
72 10.0485 -20.1303 2.97685
73 10.0611 -20.1322 2.91194
74 10.0772 -20.1294 2.2901
75 10.0944 -20.1291 1.93777
76 10.0832 -20.1067 2.63161
77 10.0781 -20.1067 2.8646
78 9.79419 -20.1248 -3.08145
79 9.17915 -20.169 -3.08671
80 8.55101 -20.172 3.12194
81 7.93018 -20.1509 3.0959
82 7.33764 -20.1184 3.04087
83 6.76896 -20.0769 3.01633
84 6.2093 -19.9936 2.93752
85 5.69842 -19.9039 2.94409
86 5.0778 -19.777 2.85449
87 4.6318 -19.641 2.80668
88 4.28497 -19.5169 2.77687
89 4.24443 -19.5086 -3.11002
90 3.63866 -19.5189 -3.14116
91 3.01388 -19.5242 -3.09227
92 2.42331 -19.5225 3.07485
93 1.81563 -19.4269 2.97342
94 1.20302 -19.2969 2.93001
95 0.560655 -19.2112 3.07245
96 -0.0531595 -19.1652 3.09638
97 -0.63369 -19.1053 3.02557
98 -1.21495 -19.0087 2.96737
99 -1.92789 -18.889 3.01389
100 -2.48641 -18.7854 2.96178
101 -3.1141 -18.7332 3.0644
102 -3.71797 -18.6535 2.95908
103 -4.34395 -18.5395 3.05543
104 -4.9538 -18.4661 3.02163
105 -5.57385 -18.4053 3.06811
106 -6.16971 -18.3371 3.01306
107 -6.78842 -18.2438 3.00895
108 -7.2305 -18.1977 3.07069
109 -7.27774 -18.2019 2.62246
110 -7.31174 -18.1866 2.03149
111 -7.3084 -18.0866 1.52598
112 -7.29039 -17.4541 1.58062
113 -7.31418 -16.8343 1.62791
114 -7.35247 -16.2232 1.66499
115 -7.43212 -15.5778 1.72536
116 -7.55908 -14.8233 1.76946
117 -7.70311 -14.2043 1.86494
118 -7.69281 -14.2009 1.52993
119 -7.64368 -13.689 1.47656
120 -7.59578 -13.0284 1.56654
121 -7.61226 -12.405 1.63386
122 -7.65409 -11.8141 1.69087
123 -7.68141 -11.629 1.67885
124 -7.59748 -11.4179 1.25604
125 -7.38897 -10.8238 1.2458
126 -7.2607 -10.1917 1.45274
127 -7.1704 -9.55571 1.45195
128 -7.10213 -8.90813 1.4893
129 -7.02516 -8.28024 1.45763
130 -6.96608 -7.63542 1.51136
131 -6.92946 -6.98905 1.60096
132 -6.9207 -6.38565 1.55234
133 -6.88105 -5.83135 1.51581
134 -6.83543 -5.24109 1.49803
135 -6.76264 -4.66902 1.47236
136 -6.69788 -4.02727 1.49253
137 -6.6132 -3.40563 1.45097
138 -6.54608 -2.74689 1.53085
139 -6.54258 -2.11501 1.59512
140 -6.58411 -1.46048 1.62471
141 -6.60282 -0.821351 1.57534
142 -6.61521 -0.171761 1.57068
143 -6.54611 0.468593 1.45915
144 -6.51246 0.842279 1.47587
145 -6.50973 0.857375 0.975708
146 -6.50975 0.860568 0.380483
147 -6.44018 0.862984 -0.107781
148 -5.99471 0.807074 -0.144283
149 -5.34058 0.718889 -0.12002
150 -4.69305 0.659996 -0.106691
151 -4.04068 0.617386 -0.021983
152 -3.41562 0.5875 -0.0830748
153 -2.78776 0.562206 0.0100325
154 -2.16636 0.546173 -0.0598752
155 -1.53967 0.519038 -0.0267373
156 -0.910392 0.510895 0.00365685
157 -0.346175 0.497059 -0.0612676
158 -0.164186 0.485553 -0.0448572
159 -0.162798 0.471394 0.900985
160 -0.162321 0.480194 1.89313
161 -0.172866 0.477337 2.82804
162 -0.149101 0.479762 -2.46287
163 -0.161627 0.471624 -1.50768
164 -0.12733 0.538724 -0.518982
165 -0.0124083 0.532169 -0.0859253
166 0.66039 0.4823 -0.0713835
167 1.277 0.432127 -0.100299
168 1.86552 0.383852 -0.0879781
169 2.45902 0.312828 -0.124695
170 3.04416 0.245369 -0.145248
171 3.60184 0.147952 -0.183575
172 4.22428 0.0424173 -0.169665
173 4.85191 -0.078369 -0.192356
174 5.47583 -0.192428 -0.1521
175 6.0912 -0.282641 -0.176723
176 6.68919 -0.402605 -0.167067
177 7.31148 -0.505276 -0.194693
178 7.93124 -0.650883 -0.2337
179 8.30092 -0.729527 -0.180655
180 8.37878 -0.716874 -0.623226
181 8.81468 -1.03563 -0.675167
182 9.22954 -1.4102 -0.849247
183 9.5782 -1.84221 -0.906486
184 9.91124 -2.35677 -1.04854
185 10.1932 -2.89426 -1.13693
186 10.4147 -3.46636 -1.19923
187 10.615 -4.01547 -1.21799
188 10.8247 -4.58291 -1.21956
189 11.0287 -5.15476 -1.24216
190 11.2239 -5.75405 -1.2721
191 11.4077 -6.35228 -1.29728
192 11.5718 -6.94534 -1.32668
193 11.7041 -7.4954 -1.3834
194 11.8118 -8.06291 -1.41101
195 11.8992 -8.62735 -1.44032
196 11.9751 -9.25222 -1.48126
197 12.022 -9.87148 -1.50894
198 12.0556 -10.4915 -1.56736
199 12.0349 -11.101 -1.62906
200 11.996 -11.7011 -1.65122
201 11.9318 -12.3012 -1.70822
202 11.8774 -12.8018 -1.68841
203 11.7828 -13.5432 -1.74167
204 11.666 -14.1279 -1.84398
205 11.5034 -14.6904 -1.85364
206 11.356 -15.2368 -1.85193
207 11.2037 -15.8018 -1.83612
208 11.0367 -16.4019 -1.84564
209 10.8831 -16.9993 -1.80741
210 10.7261 -17.5945 -1.81625
211 10.5835 -18.1931 -1.81397
212 10.4117 -18.7822 -1.86683
213 10.2222 -19.3746 -1.8876
214 10.0282 -19.9534 -1.89141
215 9.91538 -20.2775 -1.92722
216 9.91218 -20.2622 -2.42635
217 9.93819 -20.2433 -2.96902
218 9.95126 -20.2473 -3.02503
219 9.38967 -20.2052 3.08959
220 8.78318 -20.1664 3.04972
221 8.13719 -20.1054 3.10024
222 7.52131 -20.0688 3.07473
223 6.87938 -20.045 -3.11204
224 6.27543 -20.0508 -3.13776
225 5.65194 -20.0523 -3.08799
226 5.05007 -20.0503 -3.13702
227 4.49538 -20.1251 -2.98112
228 3.8449 -20.1161 2.94014
229 3.39432 -20.0853 3.06192
230 3.10206 -20.0678 3.03334
231 3.34544 -20.0941 3.10339
232 3.03651 -19.9453 2.67747
233 2.46163 -19.6878 2.77927
234 1.88101 -19.4635 2.73465
235 1.62639 -19.3561 2.72923
236 1.28423 -19.3693 3.13499
237 0.659781 -19.3909 -3.07812
238 0.0457318 -19.4424 -3.11113
239 -0.566458 -19.4417 3.10426
240 -1.13516 -19.3214 2.8863
241 -1.67982 -19.195 2.97172
242 -2.25341 -19.132 3.00939
243 -2.8629 -19.048 3.00796
244 -3.47045 -19.0075 3.0792
245 -4.10351 -18.9592 3.02541
246 -4.72986 -18.8709 2.95365
247 -5.30772 -18.8022 3.0605
248 -5.85478 -18.7852 3.09268
249 -5.79827 -18.7974 -2.99688
250 -5.8043 -18.7962 2.69719
251 -6.12692 -18.4467 2.27359
252 -6.4846 -18.0298 2.28292
253 -6.85866 -17.5871 2.27279
254 -7.22636 -17.1317 2.23248
255 -7.28779 -17.0474 2.31718
256 -7.33064 -16.9741 1.83682
257 -7.38129 -16.509 1.71646
258 -7.47163 -15.9154 1.7884
259 -7.62203 -15.3124 1.82873
260 -7.76069 -14.7563 1.82017
261 -7.75388 -14.7342 1.50843
262 -7.69652 -14.0763 1.51502
263 -7.65994 -13.4523 1.52846
264 -7.65019 -12.8376 1.62557
265 -7.68794 -12.2307 1.64584
266 -7.64524 -11.6551 1.51687
267 -7.60005 -10.9044 1.48767
268 -7.47003 -10.2899 1.37758
269 -7.35586 -9.67319 1.40808
270 -7.29184 -9.05259 1.52277
271 -7.20148 -8.42152 1.41313
272 -7.1241 -7.79518 1.47943
273 -7.13926 -7.1362 1.69227
274 -7.21617 -6.51914 1.71685
275 -7.20804 -5.93374 1.54614
276 -7.20958 -5.31105 1.66139
277 -7.26425 -4.75252 1.63652
278 -7.2312 -4.12364 1.54853
279 -7.20084 -3.48986 1.49256
280 -7.14178 -2.85513 1.49419
281 -7.06004 -2.22358 1.39342
282 -6.94726 -1.58669 1.43316
283 -6.86871 -0.949234 1.42537
284 -6.76412 -0.31777 1.45273
285 -6.70746 0.328768 1.47289
286 -6.65024 0.947198 1.52556
287 -6.64896 0.994932 1.4201
288 -6.64505 1.01036 0.80859
289 -6.62628 1.02104 0.21229
290 -6.1682 1.01343 -0.014128
291 -5.53012 1.00896 -0.00114983
292 -4.91277 0.991289 -0.0558372
293 -4.28606 0.948547 -0.0789582
294 -3.6622 0.898964 -0.0783473
295 -3.04151 0.81987 -0.190948
296 -2.42422 0.677341 -0.236465
297 -1.80802 0.527889 -0.248291
298 -1.19761 0.377095 -0.2491
299 -0.623872 0.224852 -0.18815
300 -0.0356269 0.142394 -0.146277
301 0.527452 0.0439416 -0.205845
302 0.82872 -0.0203245 -0.227175
303 0.810055 -0.0157852 -0.223456
304 1.30979 -0.129577 -0.214397
305 1.92827 -0.169382 -0.0312443
306 2.55777 -0.180369 -0.0498143
307 3.19698 -0.229057 -0.0870317
308 3.82451 -0.293248 -0.143148
309 4.46069 -0.354256 -0.0507841
310 5.08828 -0.385905 -0.0871837
311 5.37149 -0.411723 0.0872517
312 5.37516 -0.405998 1.07486
313 5.37488 -0.190716 1.5699
314 5.35656 0.435366 1.60923
315 5.32986 1.06122 1.60447
316 5.29288 1.70649 1.65418
317 5.23541 2.34788 1.66265
318 5.14183 2.98516 1.7555
319 5.06575 3.3315 1.82525
320 5.07593 3.33524 2.78847
321 5.06957 3.33006 -2.46067
322 5.0756 3.32465 -1.46988
323 5.09222 3.31813 -0.482858
324 5.10004 3.31611 0.173227
325 5.11252 3.32222 -0.357645
326 5.14006 3.30572 -0.956342
327 5.14493 3.28189 -1.58333
328 5.10252 2.64581 -1.63141
329 5.05507 2.01724 -1.69727
330 4.97095 1.40703 -1.72671
331 4.88048 0.797056 -1.75149
332 4.7607 0.194943 -1.78074
333 4.73084 0.0512625 -1.72744
334 4.74392 0.0351726 -0.714229
335 4.77399 0.0273979 0.241078
336 4.81334 0.015107 1.14828
337 4.86001 0.048655 2.09202
338 4.86344 0.0602075 3.0753
339 4.86372 0.0662509 -2.16456
340 4.87355 0.0582929 -1.15118
341 4.98818 -0.00143143 -0.521582
342 5.56122 -0.304103 -0.421342
343 6.14049 -0.503501 -0.289755
344 6.7279 -0.686557 -0.299173
345 6.96432 -0.756797 -0.32602
346 6.94704 -0.765572 -0.971666
347 6.94424 -0.844366 -1.52888
348 6.96209 -1.43601 -1.54498
349 6.95983 -2.05612 -1.58459
350 6.94654 -2.84532 -1.6036
351 6.93235 -3.12004 -1.63195
352 6.93205 -3.12429 -1.91876
353 6.92968 -3.13141 -2.58171
354 6.92434 -3.14324 3.10038
355 6.90849 -3.15564 2.38204
356 6.89018 -3.14356 1.80901
357 6.8904 -3.11557 1.15837
358 6.89939 -3.10662 0.545243
359 6.89785 -3.11683 -0.0664623
360 6.87961 -3.11726 -0.24153
361 6.87912 -3.1047 0.681126
362 6.95188 -2.87728 1.21691
363 7.05387 -2.61066 1.21129
364 6.97963 -2.28714 1.82802
365 6.917 -1.99018 1.33268
366 7.03461 -1.86299 0.780461
367 7.47845 -1.42938 0.783282
368 7.93026 -0.995942 0.735244
369 7.94126 -0.973668 0.483073
370 7.96318 -0.958033 -0.104933
371 7.98164 -0.960423 -0.651417
372 8.41115 -1.31201 -0.679111
373 8.88376 -1.67939 -0.677111
374 9.36374 -2.08636 -0.738236
375 9.70342 -2.39041 -0.774809
376 9.70043 -2.37677 -0.0975507
377 9.74331 -2.34241 0.580179
378 10.2944 -1.96413 0.627
379 10.7951 -1.55318 0.703932
380 11.2618 -1.10609 0.814813
381 11.4232 -0.930573 0.955761
382 11.4204 -0.924902 1.97719
383 11.4247 -0.90963 2.9847
384 11.4178 -0.910282 -2.31458
385 11.4108 -0.919763 -1.26294
386 11.5087 -1.04846 -1.03009
387 11.9536 -1.4701 -0.689057
388 12.4378 -1.85007 -0.690263
389 12.8916 -2.25574 -0.78433
390 12.9315 -2.274 -0.331396
391 12.7812 -2.25523 0.0291034
392 12.7649 -2.22923 1.02755
393 12.7753 -2.19653 2.22696
394 12.7653 -2.15888 -3.10464
395 12.9972 -2.08054 -2.78621
396 13.0081 -2.07556 -2.79678
397 13.009 -2.0755 -2.81845
398 13.0155 -2.07428 -2.6363
399 12.9374 -2.15407 -2.3555
400 12.4915 -2.60529 -2.31704
401 12.0588 -3.03349 -2.41183
402 11.5285 -3.34455 -2.68209
403 10.9774 -3.60979 -2.71825
404 10.4492 -3.82742 -2.79958
405 10.4551 -3.82922 -2.27036
406 10.4748 -3.81361 -1.29984
407 10.605 -4.1255 -1.17444
408 10.8286 -4.67684 -1.21476
409 10.9157 -4.93917 -1.31704
410 10.9056 -4.92994 -1.9508
411 10.9031 -4.90229 -2.5457
412 10.4133 -5.1102 -2.75188
413 9.83962 -5.32136 -2.83402
414 9.2568 -5.52582 -2.73294
415 8.65817 -5.77681 -2.72565
416 8.37522 -5.91119 -2.78056
417 8.0796 -5.90471 3.07874
418 7.63979 -5.87204 3.03388
419 7.64716 -5.86976 -2.81774
420 7.70187 -5.84277 -2.60116
421 7.70618 -5.83001 -1.63236
422 7.70857 -5.82637 -0.39166
423 7.71497 -5.82734 -0.0455198
424 7.71264 -5.82751 -0.0446857
425 7.70511 -5.83186 -0.0324832
426 7.70256 -5.83207 -0.0411355
427 7.73269 -5.83303 -0.0375495
428 8.39263 -5.84115 -0.0426174
429 9.03516 -5.87764 -0.0829802
430 9.37469 -5.91139 -0.128666
431 9.35044 -5.9089 -0.0763354
432 9.35475 -5.91385 -0.707381
433 9.35529 -5.91489 -1.38398
434 9.33062 -6.45102 -1.61178
435 9.31032 -7.09171 -1.63981
436 9.24415 -7.73044 -1.64832
437 9.20348 -8.3786 -1.64009
438 9.15986 -8.84837 -1.66989
439 9.15912 -8.8517 -2.10445
440 9.17033 -8.84593 -2.74576
441 9.18882 -8.84884 2.91719
442 9.19251 -8.85742 2.28961
443 9.19008 -8.8551 1.7244
444 9.19236 -8.83477 1.13459
445 9.20197 -8.82808 0.478276
446 9.19771 -8.82848 0.680735
447 9.20254 -8.80588 1.31397
448 9.34086 -8.18281 1.33176
449 9.46131 -7.54611 1.4334
450 9.54353 -6.90881 1.44732
451 9.58744 -6.43873 1.49007
452 9.58738 -6.43473 1.11218
453 9.58682 -6.43675 0.490135
454 9.8468 -6.41606 0.0682201
455 10.4465 -6.38036 0.0475333
456 11.0814 -6.36403 -0.0171983
457 11.4392 -6.38022 -0.105071
458 11.4532 -6.38297 -0.751303
459 11.435 -6.36289 -1.35981
460 11.4132 -6.76003 -1.617
461 11.3526 -7.37426 -1.70508
462 11.2731 -7.88171 -1.74522
463 11.2802 -7.8808 -0.90535
464 11.5301 -7.92992 -0.227589
465 12.116 -8.05342 -0.219975
466 12.6736 -8.19666 -0.275766
467 13.2485 -8.37022 -0.319383
468 13.8659 -8.57866 -0.354688
469 14.461 -8.83437 -0.437372
470 14.9174 -9.04254 -0.41825
471 14.9261 -9.04571 -0.617708
472 14.9469 -9.06775 -1.24955
473 14.9513 -9.07621 -1.88932
474 14.9471 -9.08032 -2.51984
475 14.9466 -9.07711 -3.09351
476 14.9472 -9.07321 2.53859
477 14.9547 -9.08137 1.97917
478 14.9578 -9.09316 1.35223
479 14.9557 -9.09723 0.898028
480 14.96 -9.09568 1.46016
481 14.9596 -9.07424 2.46234
482 14.9608 -9.07621 2.79852
483 14.9664 -9.07808 2.79315
484 14.5369 -8.92573 2.82868
485 13.9362 -8.74537 2.82634
486 13.3322 -8.54094 2.83585
487 12.7198 -8.36988 2.86412
488 12.105 -8.19693 2.90025
489 11.6335 -8.09597 2.9307
490 11.6308 -8.09701 -2.86733
491 11.6375 -8.1002 -1.93113
492 11.6306 -8.32578 -1.62806
493 11.5768 -8.92663 -1.6831
494 11.4977 -9.53507 -1.744
495 11.4373 -10.1654 -1.63704
496 11.4027 -10.7977 -1.51953
497 11.401 -11.3997 -1.6058
498 11.3395 -12.0041 -1.70784
499 11.2184 -12.6245 -1.72506
500 11.2883 -13.221 -1.39642
501 11.3681 -13.7947 -1.46927
502 11.3984 -14.4842 -1.55456
503 11.3989 -14.9261 -1.57232
504 11.3881 -14.9312 -0.71162
505 11.6338 -14.9357 -0.0891322
506 12.2336 -15.0121 -0.24249
507 12.8203 -15.1763 -0.321827
508 13.3939 -15.3807 -0.335856
509 14.0126 -15.6032 -0.392262
510 14.3646 -15.7547 -0.406656
511 14.3964 -15.7264 0.468761
512 14.4249 -15.7196 1.66863
513 14.452 -15.6848 2.62439
514 14.3682 -15.6642 2.85006
515 13.7498 -15.4899 2.85072
516 13.156 -15.3016 2.8662
517 12.5551 -15.1598 2.89399
518 11.9547 -15.0146 2.91798
519 11.4271 -14.8956 2.90196
520 11.2359 -14.8481 -2.98318
521 11.2515 -14.8575 -1.97898
522 11.2045 -15.2409 -1.71506
523 11.1211 -15.8577 -1.72262
524 11.0231 -16.434 -1.76471
525 10.9285 -16.9667 -1.74114
526 10.8172 -17.5398 -1.80003
527 10.6756 -18.1185 -1.83492
528 10.4958 -18.6906 -1.91104
529 10.2904 -19.2912 -1.93964
530 10.0495 -19.8905 -1.96996
531 9.78481 -20.4681 -2.04995
532 9.69022 -20.6521 -1.99949
533 9.71388 -20.6442 -1.00027
534 9.7113 -20.6269 -0.333685
535 9.71602 -20.6277 -0.334227
536 10.0706 -20.7082 -0.20373
537 10.6812 -20.8514 -0.261916
538 11.2444 -21.0161 -0.289208
539 11.857 -21.2205 -0.354162
540 12.4495 -21.4699 -0.447246
541 13.035 -21.6917 -0.285149
542 13.6663 -21.8288 -0.229617
543 13.7902 -21.8586 -0.259446
544 13.7935 -21.8575 0.377309
545 13.8154 -21.8436 1.44343
546 13.855 -21.8824 2.27024
547 13.839 -21.872 -2.99147
548 13.833 -21.8801 -2.06874
549 13.8528 -21.8836 -1.26231
550 13.8452 -21.8773 -1.74233
551 13.8352 -21.8656 -2.3689
552 13.8446 -21.8406 -3.00158
553 13.7243 -21.7839 2.70405
554 13.1331 -21.5042 2.66842
555 12.5515 -21.2319 2.7571
556 11.9438 -21.0159 2.89199
557 11.3433 -20.8488 2.85109
558 10.7603 -20.6955 2.93236
559 10.7886 -20.6908 2.52581
560 10.8128 -20.6921 2.02531
561 10.7949 -20.6511 2.53096
562 10.5743 -20.6509 -3.1083
563 10.0069 -20.5721 2.9832
564 9.39383 -20.4864 3.032
565 8.76667 -20.4091 2.96846
566 8.78122 -20.4457 -2.54457
567 8.80096 -20.4631 -1.72446
568 8.75262 -20.973 -1.66515
569 8.69918 -21.5607 -1.70495
570 8.63352 -22.1364 -1.69929
571 8.58403 -22.5234 -1.75186
572 8.58005 -22.5095 -2.00209
573 8.58403 -22.5407 -1.73332
574 8.58863 -22.5484 -0.809776
575 8.63196 -22.6462 0.165234
576 8.63273 -22.6298 1.1894
577 8.64223 -22.6033 2.15819
578 8.63681 -22.5843 1.79244
579 8.49999 -21.9391 1.80662
580 8.32753 -21.3056 1.88084
581 8.12338 -20.6895 1.92238
582 7.89267 -20.0828 1.96469
583 7.75939 -19.7798 2.04318
584 7.76456 -19.7578 2.88446
585 7.18352 -19.6284 3.00193
586 6.59354 -19.5637 3.0987
587 5.98055 -19.5608 3.12342
588 5.35679 -19.5423 3.12723
589 4.80457 -19.5779 -3.08486
590 4.24293 -19.6302 -3.02026
591 3.69271 -19.7102 -3.02574
592 3.13235 -19.7835 -3.03193
593 2.94556 -19.8229 -2.83148
594 3.0183 -19.847 -1.87094
595 2.93138 -20.4135 -1.64356
596 2.89624 -21.0139 -1.67038
597 2.82185 -21.6673 -1.71401
598 2.7295 -22.2689 -1.7567
599 2.64743 -22.6497 -1.82343
600 2.6536 -22.6529 -1.01819
601 2.67474 -22.6721 -0.00146886
602 2.70813 -22.6755 1.0111
603 2.67233 -22.4269 1.78243
604 2.6084 -21.818 1.53759
605 2.61046 -21.1794 1.61945
606 2.56402 -20.5396 1.6608
607 2.56895 -19.9573 1.57894
608 2.55324 -19.5793 1.6226
609 2.55213 -19.5654 1.9576
610 2.53827 -19.5532 2.8875
611 1.92615 -19.4005 2.88975
612 1.43755 -19.2624 2.89181
613 1.46032 -19.2639 -2.9292
614 1.44392 -19.2634 -1.89432
615 1.45396 -19.7586 -1.59098
616 1.45485 -20.3866 -1.64286
617 1.30661 -20.9531 -1.86397
618 1.12711 -21.5521 -1.85631
619 0.955424 -22.1155 -1.85987
620 0.760624 -22.6745 -1.95831
621 0.895025 -22.3425 -2.01209
622 1.02253 -22.083 -2.08958
623 1.02883 -22.0479 -2.63177
624 0.976253 -22.0863 3.00304
625 0.871862 -22.1066 2.3387
626 0.7489 -22.0668 1.71515
627 0.825168 -21.646 1.29977
628 1.03575 -21.0185 1.19563
629 1.23671 -20.4098 1.26322
630 1.39476 -19.8162 1.34437
631 1.50071 -19.285 1.3608
632 1.45281 -19.3192 2.02686
633 1.39112 -19.3883 -3.1316
634 0.767635 -19.3983 -3.09463
635 0.144503 -19.3873 3.06541
636 -0.459085 -19.3485 3.05745
637 -1.05773 -19.2691 2.96949
638 -1.44467 -19.191 2.93912
639 -2.05831 -19.0914 3.01851
640 -2.66605 -18.9832 2.94963
641 -3.26305 -18.8738 2.94038
642 -3.8325 -18.7375 2.89403
643 -4.31356 -18.5982 2.80903
644 -4.34311 -18.5853 -2.76528
645 -4.38512 -18.7798 -1.87577
646 -4.49432 -19.3946 -1.58314
647 -4.42694 -20.0251 -1.29684
648 -4.18832 -20.628 -1.13251
649 -3.98697 -21.2146 -1.47247
650 -4.06548 -21.859 -1.73178
651 -4.06444 -21.9928 -0.93625
652 -4.0596 -22.0067 0.0842863
653 -4.01632 -22.0019 1.11001
654 -4.02984 -21.6901 1.62028
655 -4.05106 -21.1369 1.61391
656 -4.06117 -20.5356 1.59979
657 -4.18254 -19.9131 1.87391
658 -4.37913 -19.3019 1.86613
659 -4.49825 -18.8156 1.79428
660 -4.48835 -18.7821 2.39286
661 -4.68606 -18.7736 3.04467
662 -5.27638 -18.7217 3.11358
663 -5.86014 -18.7439 -3.06931
664 -5.84626 -18.7633 -2.55143
665 -5.88161 -18.8209 -1.70308
666 -5.94277 -19.4273 -1.66505
667 -5.99003 -19.9918 -1.65961
668 -6.0424 -20.5836 -1.63299
669 -6.07943 -21.2077 -1.6573
670 -6.16733 -21.8247 -1.71592
671 -6.20771 -22.1148 -1.66011
672 -6.11863 -21.53 -1.74832
673 -6.05957 -21.2598 -1.87788
674 -6.0541 -21.241 -2.52409
675 -6.02675 -21.2238 -3.13084
676 -6.00608 -21.2257 2.53091
677 -5.98992 -21.2388 1.91695
678 -5.97236 -21.0203 1.47256
679 -5.92532 -20.4367 1.53603
680 -5.96255 -19.9851 1.88232
681 -6.13533 -19.3963 1.84924
682 -6.3247 -18.7961 1.89109
683 -6.42273 -18.522 2.04313
684 -6.44461 -18.5704 3.1217
685 -6.8145 -18.7433 -2.71785
686 -7.27181 -18.8899 -2.86211
687 -7.86773 -19.0504 -2.89713
688 -8.46543 -19.1795 -2.90893
689 -9.02628 -19.3273 -2.88129
690 -9.55486 -19.5043 -2.80717
691 -9.95109 -19.6424 -2.83525
692 -9.89747 -19.6431 -2.30115
693 -9.91712 -19.6591 -1.26135
694 -9.93943 -19.6925 -0.426393
695 -9.87799 -19.7251 0.373374
696 -9.80806 -19.7442 1.39861
697 -9.80589 -19.7989 1.14549
698 -9.49106 -19.6329 0.490539
699 -8.92387 -19.3095 0.604515
700 -8.41244 -18.9392 0.657998
701 -7.98082 -18.5684 0.717124
702 -7.51212 -18.2543 0.601923
703 -7.00235 -17.9105 0.63615
704 -6.5131 -17.522 0.654301
705 -6.00993 -17.0992 0.724903
706 -5.59316 -16.7807 0.456132
707 -5.5774 -16.7727 -0.0646301
708 -5.56279 -16.7682 -0.7043
709 -5.5933 -16.7272 -1.03625
710 -5.58455 -16.7238 -1.59802
711 -5.56481 -16.7268 -2.19564
712 -5.55964 -16.7205 -2.7568
713 -6.03725 -16.771 -3.04201
714 -6.59187 -16.7472 3.04389
715 -7.21725 -16.7164 -3.13569
716 -7.85621 -16.6993 3.00946
717 -8.47697 -16.6374 3.09423
718 -9.24556 -16.5236 2.91889
719 -9.86279 -16.4142 2.99339
720 -10.479 -16.306 2.93422
721 -11.0971 -16.196 3.00249
722 -11.113 -16.1945 3.06924
723 -11.1089 -16.2052 -2.12354
724 -11.1177 -16.2224 -1.05417
725 -11.0982 -16.2549 -0.419606
726 -10.7631 -16.2543 0.0347039
727 -10.1258 -16.2103 0.0654823
728 -9.48637 -16.1805 0.0668954
729 -8.8482 -16.1143 0.124559
730 -8.22534 -16.0164 0.162077
731 -7.57917 -15.9108 0.174338
732 -7.44138 -15.8893 0.621038
733 -7.4366 -15.8763 1.61783
734 -7.50047 -15.3213 1.69599
735 -7.56727 -14.7221 1.66401
736 -7.56052 -14.7046 2.26367
737 -7.56812 -14.7089 3.06459
738 -8.1476 -14.6751 3.0837
739 -8.75081 -14.5858 3.02612
740 -9.2545 -14.5523 3.08941
741 -9.23532 -14.5448 2.72062
742 -9.22552 -14.5374 2.06792
743 -9.21875 -14.5394 1.45119
744 -9.21532 -14.5275 0.911901
745 -9.20693 -14.5143 0.3185
746 -8.66478 -14.5177 -0.156284
747 -8.01693 -14.6245 -0.191483
748 -7.43649 -14.7596 -0.259743
749 -7.35953 -14.7828 0.169601
750 -7.33744 -14.7746 1.09696
751 -7.36809 -14.4943 1.73741
752 -7.43425 -13.8726 1.63415
753 -7.48034 -13.2319 1.6974
754 -7.49693 -12.5933 1.53534
755 -7.48837 -11.9512 1.62217
756 -7.45986 -11.3391 1.44413
757 -7.39336 -10.6863 1.55487
758 -7.42435 -10.0862 1.69421
759 -7.41979 -9.5519 1.56856
760 -7.46395 -8.93492 1.65898
761 -7.46408 -8.90148 1.8157
762 -7.4741 -8.85458 2.74789
763 -8.06006 -8.78703 3.03871
764 -8.48805 -8.73737 3.00991
765 -8.48594 -8.74475 -2.63706
766 -8.47443 -8.74782 -1.64151
767 -8.46967 -8.74421 -0.7151
768 -8.45393 -8.75181 0.00371851
769 -7.82525 -8.64171 0.159001
770 -7.17934 -8.55859 0.090477
771 -7.09758 -8.55615 0.647973
772 -7.08296 -8.54234 1.51125
773 -7.07454 -7.95921 1.5956
774 -7.10101 -7.4091 1.61641
775 -7.09735 -7.3982 2.4571
776 -7.31827 -7.38215 3.07128
777 -7.93702 -7.35053 3.12895
778 -8.55441 -7.34829 3.10674
779 -9.14965 -7.33525 3.12245
780 -9.33323 -7.31552 2.98928
781 -9.29555 -7.30095 2.41016
782 -9.41202 -7.04168 1.97595
783 -9.64615 -6.46057 1.97315
784 -9.74618 -6.2282 1.94956
785 -9.7491 -6.21562 1.39236
786 -9.75338 -6.19178 0.798547
787 -9.74169 -6.15107 0.303055
788 -9.68856 -6.12473 -0.331843
789 -9.64618 -6.13509 -0.889056
790 -9.35227 -6.54218 -0.958762
791 -8.96833 -7.03382 -0.862868
792 -8.74303 -7.22567 -0.165098
793 -8.15593 -7.30312 -0.114319
794 -7.54325 -7.35514 -0.0367985
795 -7.59233 -7.38099 0.403683
796 -7.63165 -7.37931 1.07785
797 -7.55239 -7.07478 1.34664
798 -7.41553 -6.44521 1.40274
799 -7.33022 -5.79538 1.47452
800 -7.28178 -5.14209 1.55348
801 -7.30301 -4.50855 1.63966
802 -7.36712 -3.88189 1.69761
803 -7.35957 -3.2468 1.53323
804 -7.34971 -2.61676 1.58938
805 -7.39365 -1.98492 1.66593
806 -7.4639 -1.38504 1.70759
807 -7.49293 -1.18307 1.9929
808 -7.50559 -1.17634 2.93514
809 -8.09709 -1.15183 3.07766
810 -8.71311 -1.03088 2.93545
811 -9.31223 -0.920734 2.93062
812 -9.32271 -0.913382 -2.62525
813 -9.32359 -0.932467 -1.65559
814 -9.31921 -0.920076 -0.6691
815 -9.30231 -0.916147 0.244791
816 -9.29153 -0.912815 0.921711
817 -9.27542 -0.892131 0.248832
818 -9.04797 -0.928326 -0.243425
819 -8.46222 -1.07323 -0.230977
820 -7.87372 -1.22328 -0.274004
821 -7.33407 -1.37177 -0.259979
822 -7.34957 -1.34743 0.474173
823 -7.34178 -1.3243 1.36084
824 -7.22275 -0.710137 1.29295
825 -7.03545 -0.1144 1.27339
826 -6.94102 0.501608 1.44884
827 -6.84288 1.1215 1.41003
828 -6.76124 1.74755 1.45483
829 -6.67572 2.34951 1.41644
830 -6.57693 2.95508 1.40932
831 -6.4609 3.52837 1.36374
832 -6.3501 4.08669 1.36123
833 -6.29808 4.33559 1.50021
834 -6.30949 4.33091 2.55925
835 -6.3342 4.34867 -2.94302
836 -6.3725 4.34473 -1.99605
837 -6.38109 4.31415 -0.955381
838 -6.36981 4.31519 -0.0895939
839 -6.39337 4.32079 -0.306344
840 -6.40674 4.31424 -0.866491
841 -6.42004 4.30902 -1.48089
842 -6.45024 4.06993 -1.71013
843 -6.53444 3.50707 -1.71155
844 -6.61567 2.88274 -1.71838
845 -6.71477 2.25845 -1.73183
846 -6.80518 1.62972 -1.72879
847 -6.91871 1.00859 -1.75409
848 -6.96186 0.827582 -1.27253
849 -6.95297 0.809419 -0.34848
850 -6.58971 0.809412 0.00576398
851 -5.96678 0.783341 -0.086239
852 -5.34489 0.72446 -0.0714302
853 -4.75336 0.683698 -0.0989822
854 -4.16916 0.618464 -0.0966558
855 -3.5771 0.570179 -0.0981644
856 -2.91978 0.487213 -0.139139
857 -2.26391 0.399646 -0.148955
858 -1.61387 0.280255 -0.203748
859 -1.09226 0.177466 -0.210867
860 -1.07113 0.169463 0.640112
861 -1.03628 0.280469 1.55514
862 -1.00016 0.936871 1.49523
863 -0.944702 1.57866 1.46248
864 -0.859199 2.18734 1.4601
865 -0.818632 2.79825 1.51746
866 -0.774936 3.38235 1.51609
867 -0.765753 3.5485 1.697
868 -0.773777 3.57725 2.72096
869 -0.781198 3.56801 -2.58372
870 -0.765908 3.55726 -1.58406
871 -0.764224 3.56068 -0.610261
872 -0.757178 3.554 0.0747733
873 -0.723729 3.55735 -0.498066
874 -0.688043 3.54217 -1.05797
875 -0.66736 3.51941 -1.64478
876 -0.788911 2.95838 -1.80263
877 -0.942492 2.41353 -1.88756
878 -0.985093 2.21694 -1.50493
879 -0.88389 1.57711 -1.45418
880 -0.848242 1.12289 -1.56717
881 -0.848518 1.17077 -1.5621
882 -0.906721 0.523528 -1.80895
883 -1.12668 -0.0758296 -2
884 -1.28754 -0.409083 -2.06727
885 -1.27867 -0.400516 -1.48598
886 -1.26899 -0.398191 -0.467414
887 -1.2596 -0.40185 0.544498
888 -1.23175 -0.393055 1.52908
889 -1.22406 -0.373069 2.42731
890 -1.54331 -0.223157 2.70089
891 -2.07573 0.0434085 2.63027
892 -2.60507 0.361818 2.59442
893 -3.16021 0.655871 2.83035
894 -3.77385 0.763851 3.05106
895 -4.37355 0.709669 -2.93424
896 -4.39282 0.704951 -2.45654
897 -4.67478 0.272137 -2.18495
898 -5.028 -0.235421 -2.17066
899 -5.31725 -0.644614 -2.23975
900 -5.73404 -1.18554 -2.24337
901 -6.10964 -1.627 -2.30914
902 -6.52964 -2.1134 -2.28525
903 -6.85001 -2.48871 -2.33142
904 -6.89892 -2.50339 -1.63953
905 -6.88279 -2.97981 -1.57682
906 -6.84179 -3.54204 -1.50454
907 -6.77657 -4.1491 -1.50775
908 -6.72622 -4.78297 -1.4809
909 -6.65901 -5.4184 -1.49723
910 -6.68826 -5.5878 -1.86447
911 -6.82549 -6.11697 -1.80242
912 -6.94203 -6.67355 -1.78914
913 -7.04988 -7.20917 -1.78064
914 -7.17307 -7.79649 -1.80382
915 -7.29485 -8.3061 -1.84013
916 -7.22742 -8.4606 -1.29167
917 -7.05054 -9.15565 -1.5457
918 -7.0664 -9.68987 -1.62107
919 -7.09522 -10.3231 -1.66436
920 -7.15507 -10.9399 -1.68203
921 -7.22476 -11.5641 -1.73558
922 -7.32335 -12.1702 -1.76308
923 -7.44214 -12.7441 -1.82695
924 -7.56978 -13.2335 -1.81104
925 -7.55998 -13.2196 -1.30779
926 -7.39693 -13.7847 -1.29237
927 -7.22743 -14.3797 -1.3165
928 -7.06764 -14.9895 -1.32629
929 -6.91495 -15.5963 -1.32807
930 -6.75463 -16.2633 -1.41653
931 -6.66444 -16.9228 -1.50274
932 -6.62208 -17.5771 -1.56804
933 -6.62839 -18.2136 -1.63864
934 -6.65449 -18.7071 -1.65396
935 -6.61499 -18.6442 -0.985731
936 -6.63066 -18.5736 -0.0161709
937 -6.08477 -18.5553 0.0537226
938 -5.47494 -18.5743 -0.111495
939 -4.8574 -18.6316 -0.0777859
940 -4.2387 -18.7054 -0.162812
941 -3.63212 -18.8184 -0.215842
942 -3.11597 -18.9301 -0.210903
943 -2.51233 -19.0557 -0.122217
944 -1.89435 -19.1356 -0.178706
945 -1.27562 -19.2611 -0.233953
946 -1.10138 -19.3048 -0.169771
947 -0.680886 -19.2371 0.158215
948 -0.105315 -19.1452 0.140106
949 0.504559 -19.1067 -0.0142992
950 1.14371 -19.1389 -0.252449
951 1.74626 -19.308 -0.323601
952 2.3407 -19.4707 -0.0715556
953 2.9677 -19.4955 0.00964078
954 3.57211 -19.4805 0.00330216
955 4.20969 -19.5227 -0.156974
956 4.73357 -19.5896 -0.158832
957 5.27602 -19.688 -0.246194
958 5.73257 -19.7959 -0.272729
959 6.17901 -19.9244 -0.339672
960 6.7785 -20.0849 -0.260167
961 7.35787 -20.2527 -0.287659
962 7.98108 -20.377 -0.222397
963 8.61692 -20.4562 -0.0357989
964 9.22134 -20.4938 -0.0999221
965 9.83138 -20.5671 -0.107014
966 10.2649 -20.6181 -0.165928
967 10.2976 -20.635 0.687702
968 10.3266 -20.6338 1.58464
969 10.3274 -20.656 1.64415
970 10.3297 -20.6799 1.64246
971 10.3046 -20.3428 1.64261
972 10.2575 -19.7526 1.64823
973 10.3357 -19.1729 1.36315
974 10.4667 -18.5673 1.39486
975 10.5701 -17.9582 1.39933
976 10.6667 -17.3464 1.41206
977 10.792 -16.7439 1.3859
978 10.906 -16.1229 1.432
979 11.0111 -15.5262 1.41981
980 11.1003 -14.9116 1.46673
981 11.1794 -14.321 1.47349
982 11.2263 -13.7815 1.51805
983 11.268 -13.1851 1.51488
984 11.2871 -12.5846 1.57248
985 11.2896 -11.988 1.59299
986 11.2655 -11.3665 1.62955
987 11.2454 -10.7549 1.59308
988 11.2391 -10.1374 1.60699
989 11.2153 -9.52407 1.61476
990 11.1998 -8.91574 1.60409
991 11.1748 -8.30016 1.629
992 11.1619 -7.71822 1.59648
993 11.1381 -7.09996 1.62926
994 11.1132 -6.51679 1.61931
995 11.0735 -5.92704 1.66534
996 11.0066 -5.3243 1.6913
997 10.9553 -4.68966 1.62565
998 10.9317 -4.28987 1.64638
999 10.9215 -4.28566 2.36103
1000 10.4511 -3.93334 2.50824
1001 10.0396 -3.53316 2.18539
1002 9.67017 -3.0662 2.27677
1003 9.33819 -2.57873 2.09566
1004 8.99645 -2.04286 2.15231
1005 8.63982 -1.54623 2.21297
1006 8.24101 -1.06332 2.28837
1007 7.82504 -0.629248 2.37786
1008 7.59213 -0.409359 2.53491
1009 7.49724 -0.44306 3.00862
1010 6.9394 -0.376606 3.06337
1011 6.31977 -0.332305 3.02122
1012 5.71619 -0.266912 3.06411
1013 5.09443 -0.268405 -3.10294
1014 4.46162 -0.217243 3.00626
1015 3.84715 -0.17883 3.09188
1016 3.07908 -0.140183 3.09962
1017 2.49496 -0.125101 3.04364
1018 1.93666 -0.0633549 3.05202
1019 1.34056 -0.0404227 3.11278
1020 0.725637 -0.00563406 3.09996
1021 0.105407 0.0220377 3.06057
1022 0.0520122 0.0263122 3.05447
1023 0.0573644 0.0248104 -3.1408
1024 -0.569722 0.0276748 -3.11328
1025 -1.19808 -0.00834621 -3.09453
1026 -1.35886 -0.0155291 -3.08619
1027 -1.35592 -0.0213135 -2.16547
1028 -1.35166 -0.181161 -1.5992
1029 -1.37041 -0.742399 -1.61956
1030 -1.41975 -1.37498 -1.7035
1031 -1.52133 -2.02965 -1.76106
1032 -1.64408 -2.68076 -1.7602
1033 -1.78124 -3.33221 -1.80883
1034 -1.82174 -3.51647 -2.02729
1035 -1.83377 -3.54174 -2.65478
1036 -1.79347 -3.53778 3.04997
1037 -2.11288 -3.39906 2.80675
1038 -2.70012 -3.27446 2.89414
1039 -3.31351 -3.09473 2.85923
1040 -3.27052 -3.12876 -2.80223
1041 -3.25194 -3.1716 -1.79773
1042 -3.23174 -3.16928 -0.821918
1043 -3.22944 -3.19851 0.135819
1044 -3.1938 -3.22092 1.11736
1045 -3.17863 -3.18393 1.01256
1046 -3.17283 -3.151 0.64128
1047 -3.17591 -3.13731 0.103483
1048 -2.84913 -3.22197 -0.196852
1049 -2.25385 -3.32702 -0.172258
1050 -1.65547 -3.39938 -0.0884562
1051 -1.00182 -3.47439 -0.176464
1052 -0.403177 -3.55992 -0.132527
1053 0.00255192 -3.62309 -0.194244
1054 -0.0568939 -3.54096 0.545233
1055 -0.00126201 -3.53416 1.5791
1056 0.0804924 -3.4289 2.55764
1057 0.127016 -3.5091 -2.71117
1058 0.194534 -3.5202 -1.76709
1059 0.0540231 -4.14354 -1.84147
1060 -0.127687 -4.80329 -1.83111
1061 -0.264935 -5.29045 -1.94722
1062 -0.276241 -5.3083 -2.50816
1063 -0.268987 -5.29764 -3.10245
1064 -0.5422 -5.22629 2.91764
1065 -1.12329 -5.14055 3.04132
1066 -1.67939 -5.06605 2.98671
1067 -1.66387 -5.07858 -2.86101
1068 -1.63701 -5.08453 -2.1844
1069 -1.63231 -5.07859 -2.01218
1070 -1.63642 -5.08991 -2.54796
1071 -2.11491 -5.33172 -2.67348
1072 -2.56887 -5.55183 -2.74063
1073 -2.54495 -5.53956 3.03446
1074 -3.06876 -5.45798 3.00152
1075 -3.64047 -5.3735 3.01946
1076 -3.62508 -5.41236 -2.86182
1077 -3.58291 -5.41688 -2.05904
1078 -3.83811 -6.03439 -2.01558
1079 -4.0874 -6.60603 -1.95532
1080 -4.08 -6.67413 -2.4459
1081 -4.51734 -6.95581 -2.57127
1082 -4.65758 -7.06504 -2.2933
1083 -4.64306 -7.03747 -1.26284
1084 -4.6293 -7.10984 -0.297277
1085 -4.66367 -7.05059 0.699813
1086 -4.30815 -6.58478 0.935732
1087 -3.92464 -6.08423 0.927337
1088 -3.56116 -5.57723 0.914278
1089 -3.51074 -5.51099 0.819518
1090 -3.5054 -5.49055 0.205841
1091 -2.9604 -5.46234 0.029837
1092 -2.33803 -5.44976 0.0154042
1093 -1.76405 -5.45562 -0.048847
1094 -1.75733 -5.46044 -0.452558
1095 -1.72718 -5.47969 -1.04182
1096 -1.73179 -5.48607 -1.61258
1097 -1.82237 -5.81183 -1.8277
1098 -2.00275 -6.4086 -1.88423
1099 -2.21131 -6.97239 -1.98015
1100 -2.21487 -6.9867 -1.61687
1101 -2.15669 -7.25009 -1.35078
1102 -2.15608 -7.2648 -1.74426
1103 -2.28417 -7.87665 -1.7779
1104 -2.42303 -8.51473 -1.80547
1105 -2.57912 -9.1387 -1.82323
1106 -2.70588 -9.6176 -1.84833
1107 -2.70518 -9.62563 -1.59203
1108 -2.67475 -10.2544 -1.58406
1109 -2.7291 -10.9016 -1.68784
1110 -2.80568 -11.512 -1.73721
1111 -2.97797 -12.0436 -1.83834
1112 -3.01278 -12.622 -1.49169
1113 -2.97811 -13.2646 -1.58691
1114 -2.9873 -13.8837 -1.56974
1115 -2.98361 -14.4697 -1.58579
1116 -2.97071 -15.1204 -1.54939
1117 -2.96719 -15.2219 -1.677
1118 -2.96791 -15.2267 -2.28391
1119 -2.9636 -15.2219 -2.71532
1120 -3.52632 -15.4283 -2.7788
1121 -3.71642 -15.4948 -2.89723
1122 -3.7106 -15.4915 2.83589
1123 -4.25879 -15.3095 2.85294
1124 -4.81518 -15.1843 2.95183
1125 -5.43917 -15.062 2.96544
1126 -5.51919 -15.0527 -2.97784
1127 -5.51814 -15.0521 -1.92039
1128 -5.50966 -15.0467 -0.932833
1129 -5.49873 -15.055 0.0829628
1130 -4.90895 -14.988 0.0968094
1131 -4.13422 -15.1066 -0.33469
1132 -3.52066 -15.3224 -0.354165
1133 -2.97074 -15.5489 -0.392636
1134 -2.71483 -15.6541 -0.489388
1135 -2.69803 -15.6629 -1.04496
1136 -2.69941 -15.6694 -1.60645
1137 -2.7526 -15.9765 -1.79017
1138 -2.90526 -16.6128 -1.8062
1139 -3.02666 -17.1274 -1.87999
1140 -3.0251 -17.1342 -2.36032
1141 -3.02621 -17.1338 -2.90931
1142 -3.39187 -17.0796 3.00836
1143 -3.98908 -17.0347 3.09705
1144 -4.56936 -16.998 3.06575
1145 -5.14675 -16.9497 3.03955
1146 -5.7213 -16.8908 3.05855
1147 -6.30082 -16.8799 3.13036
1148 -6.96063 -16.8819 3.12321
1149 -6.95605 -16.9257 -2.69949
1150 -6.97262 -16.9181 -1.78593
1151 -6.96205 -16.9265 -0.789534
1152 -6.94842 -16.9263 0.255639
1153 -6.93471 -16.9243 1.26091
1154 -6.99604 -16.6051 1.80313
1155 -7.13744 -15.984 1.75219
1156 -7.24183 -15.3799 1.76079
1157 -7.37455 -14.8101 1.87016
1158 -7.50595 -14.2113 1.7398
1159 -7.5705 -13.6097 1.64569
1160 -7.59739 -12.97 1.5089
1161 -7.50115 -12.3351 1.41925
1162 -7.4132 -11.701 1.47748
1163 -7.35448 -11.0563 1.4722
1164 -7.31019 -10.4146 1.55786
1165 -7.30362 -9.87163 1.53472
1166 -7.29664 -9.83918 2.02305
1167 -7.27114 -9.86147 2.95898
1168 -7.23956 -9.8843 -2.42149
1169 -7.20312 -9.91638 -1.60038
1170 -7.20975 -10.4975 -1.59399
1171 -7.20559 -11.126 -1.56259
1172 -7.20743 -11.7237 -1.62541
1173 -7.23397 -12.3421 -1.61664
1174 -7.27587 -12.9697 -1.68577
1175 -7.35968 -13.5801 -1.71958
1176 -7.45588 -14.2036 -1.76313
1177 -7.57385 -14.815 -1.76098
1178 -7.70378 -15.4304 -1.80809
1179 -7.83945 -16.0375 -1.77865
1180 -7.89338 -16.2936 -1.78556
1181 -7.88651 -16.2946 -0.957232
1182 -7.83301 -16.3054 -0.244877
1183 -7.21574 -16.4522 -0.21949
1184 -6.57987 -16.5646 -0.14987
1185 -5.94797 -16.6724 -0.182063
1186 -5.31352 -16.7647 -0.115803
1187 -4.65585 -16.8471 -0.152838
1188 -4.02521 -16.9343 -0.134677
1189 -3.36207 -17.0384 -0.113097
1190 -3.03085 -17.0769 -0.105184
1191 -3.01424 -17.0993 0.814684
1192 -2.9933 -16.9917 1.61199
1193 -2.98866 -16.3919 1.47984
1194 -2.95086 -15.812 1.52179
1195 -2.92634 -15.1826 1.57402
1196 -2.92187 -14.5601 1.40124
1197 -2.82161 -13.9406 1.41241
1198 -2.7529 -13.3011 1.67112
1199 -2.77012 -12.691 1.4563
1200 -2.71647 -12.0544 1.5252
1201 -2.69534 -11.4288 1.58091
1202 -2.70955 -10.8016 1.60375
1203 -2.74222 -10.2109 1.51369
1204 -2.63015 -9.6197 1.36675
1205 -2.52381 -9.0517 1.39618
1206 -2.44059 -8.45559 1.45726
1207 -2.30549 -7.8431 1.37099
1208 -2.19485 -7.21184 1.4355
1209 -2.10999 -6.58619 1.4334
1210 -2.04727 -5.96397 1.4538
1211 -1.92264 -5.36973 1.38474
1212 -1.81081 -4.75872 1.43858
1213 -1.75002 -4.14734 1.51603
1214 -1.66662 -3.46548 1.29896
1215 -1.512 -2.8757 1.36238
1216 -1.47428 -2.30616 1.58573
1217 -1.45639 -1.74831 1.57076
1218 -1.46462 -1.15806 1.52009
1219 -1.43817 -0.507576 1.55069
1220 -1.45306 0.0793373 1.64143
1221 -1.45245 0.0775299 1.18868
1222 -1.44284 0.0876109 0.591369
1223 -1.43112 0.0908507 0.0317425
1224 -0.854108 0.0200636 -0.151166
1225 -0.234955 -0.0703023 -0.137402
1226 -0.12947 -0.0849981 -0.154133
1227 -0.12947 -0.0849981 -0.154795
